2011-09-12 00:37:59,399 [main] ERROR StackTrace  - Sanitizing stacktrace:
geb.error.UnresolvablePropertyException: Unable to resolve userName as a property to set on CreateUserPage's Navigator context
	at geb.content.NavigableSupport.propertyMissing(NavigableSupport.groovy:141)
	at geb.Page.propertyMissing(Page.groovy)
	at geb.Page.setProperty(Page.groovy)
	at geb.Browser.propertyMissing(Browser.groovy:181)
	at geb.Browser.setProperty(Browser.groovy)
	at geb.spock.GebSpec.propertyMissing(GebSpec.groovy:59)
	at geb.spock.GebSpec.setProperty(GebSpec.groovy)
	at CreateUserSpec.should go to show users page when the user is saved(CreateUserSpec.groovy:11)
2011-09-12 00:37:59,406 [main] ERROR StackTrace  - Sanitizing stacktrace:
geb.error.UnresolvablePropertyException: Unable to resolve userName as a property to set on CreateUserPage's Navigator context
	at geb.content.NavigableSupport.propertyMissing(NavigableSupport.groovy:141)
	at geb.Page.propertyMissing(Page.groovy)
	at geb.Page.setProperty(Page.groovy)
	at geb.Browser.propertyMissing(Browser.groovy:181)
	at geb.Browser.setProperty(Browser.groovy)
	at geb.spock.GebSpec.propertyMissing(GebSpec.groovy:59)
	at geb.spock.GebSpec.setProperty(GebSpec.groovy)
	at CreateUserSpec.should go to show users page when the user is saved(CreateUserSpec.groovy:11)
2011-09-12 00:45:03,700 [main] ERROR StackTrace  - Sanitizing stacktrace:
geb.error.UnresolvablePropertyException: Unable to resolve userName as a property to set on CreateUserPage's Navigator context
	at geb.content.NavigableSupport.propertyMissing(NavigableSupport.groovy:141)
	at geb.Page.propertyMissing(Page.groovy)
	at geb.Page.setProperty(Page.groovy)
	at geb.Browser.propertyMissing(Browser.groovy:181)
	at geb.Browser.setProperty(Browser.groovy)
	at geb.spock.GebSpec.propertyMissing(GebSpec.groovy:59)
	at geb.spock.GebSpec.setProperty(GebSpec.groovy)
	at CreateUserSpec.should go to show users page when the user is saved(CreateUserSpec.groovy:11)
2011-09-12 00:45:03,710 [main] ERROR StackTrace  - Sanitizing stacktrace:
geb.error.UnresolvablePropertyException: Unable to resolve userName as a property to set on CreateUserPage's Navigator context
	at geb.content.NavigableSupport.propertyMissing(NavigableSupport.groovy:141)
	at geb.Page.propertyMissing(Page.groovy)
	at geb.Page.setProperty(Page.groovy)
	at geb.Browser.propertyMissing(Browser.groovy:181)
	at geb.Browser.setProperty(Browser.groovy)
	at geb.spock.GebSpec.propertyMissing(GebSpec.groovy:59)
	at geb.spock.GebSpec.setProperty(GebSpec.groovy)
	at CreateUserSpec.should go to show users page when the user is saved(CreateUserSpec.groovy:11)
2011-09-12 00:51:25,309 [main] ERROR StackTrace  - Sanitizing stacktrace:
geb.error.UnresolvablePropertyException: Unable to resolve userName as a property to set on CreateUserPage's Navigator context
	at geb.content.NavigableSupport.propertyMissing(NavigableSupport.groovy:141)
	at geb.Page.propertyMissing(Page.groovy)
	at geb.Page.setProperty(Page.groovy)
	at geb.Browser.propertyMissing(Browser.groovy:181)
	at geb.Browser.setProperty(Browser.groovy)
	at geb.spock.GebSpec.propertyMissing(GebSpec.groovy:59)
	at geb.spock.GebSpec.setProperty(GebSpec.groovy)
	at CreateUserSpec.should go to show users page when the user is saved(CreateUserSpec.groovy:11)
2011-09-12 00:51:25,330 [main] ERROR StackTrace  - Sanitizing stacktrace:
geb.error.UnresolvablePropertyException: Unable to resolve userName as a property to set on CreateUserPage's Navigator context
	at geb.content.NavigableSupport.propertyMissing(NavigableSupport.groovy:141)
	at geb.Page.propertyMissing(Page.groovy)
	at geb.Page.setProperty(Page.groovy)
	at geb.Browser.propertyMissing(Browser.groovy:181)
	at geb.Browser.setProperty(Browser.groovy)
	at geb.spock.GebSpec.propertyMissing(GebSpec.groovy:59)
	at geb.spock.GebSpec.setProperty(GebSpec.groovy)
	at CreateUserSpec.should go to show users page when the user is saved(CreateUserSpec.groovy:11)
2011-09-12 00:53:26,717 [main] ERROR StackTrace  - Sanitizing stacktrace:
geb.error.UnresolvablePropertyException: Unable to resolve userName as a property to set on CreateUserPage's Navigator context
	at geb.content.NavigableSupport.propertyMissing(NavigableSupport.groovy:141)
	at geb.Page.propertyMissing(Page.groovy)
	at geb.Page.setProperty(Page.groovy)
	at geb.Browser.propertyMissing(Browser.groovy:181)
	at geb.Browser.setProperty(Browser.groovy)
	at geb.spock.GebSpec.propertyMissing(GebSpec.groovy:59)
	at geb.spock.GebSpec.setProperty(GebSpec.groovy)
	at CreateUserSpec.should go to show users page when the user is saved(CreateUserSpec.groovy:11)
2011-09-12 00:53:26,761 [main] ERROR StackTrace  - Sanitizing stacktrace:
geb.error.UnresolvablePropertyException: Unable to resolve userName as a property to set on CreateUserPage's Navigator context
	at geb.content.NavigableSupport.propertyMissing(NavigableSupport.groovy:141)
	at geb.Page.propertyMissing(Page.groovy)
	at geb.Page.setProperty(Page.groovy)
	at geb.Browser.propertyMissing(Browser.groovy:181)
	at geb.Browser.setProperty(Browser.groovy)
	at geb.spock.GebSpec.propertyMissing(GebSpec.groovy:59)
	at geb.spock.GebSpec.setProperty(GebSpec.groovy)
	at CreateUserSpec.should go to show users page when the user is saved(CreateUserSpec.groovy:11)
2011-09-12 00:55:40,733 [main] ERROR StackTrace  - Sanitizing stacktrace:
junit.framework.AssertionFailedError: Condition not satisfied:

to ShowUserPage
|
null

	at CreateUserSpec.should go to show users page when the user is saved(CreateUserSpec.groovy:15)
2011-09-12 00:55:40,742 [main] ERROR StackTrace  - Sanitizing stacktrace:
junit.framework.AssertionFailedError: Condition not satisfied:

to ShowUserPage
|
null

	at CreateUserSpec.should go to show users page when the user is saved(CreateUserSpec.groovy:15)
2011-09-12 00:57:08,054 [main] ERROR StackTrace  - Sanitizing stacktrace:
junit.framework.AssertionFailedError: Condition not satisfied:

to ShowUserPage
|
null

	at CreateUserSpec.should go to show users page when the user is saved(CreateUserSpec.groovy:15)
2011-09-12 00:57:08,064 [main] ERROR StackTrace  - Sanitizing stacktrace:
junit.framework.AssertionFailedError: Condition not satisfied:

to ShowUserPage
|
null

	at CreateUserSpec.should go to show users page when the user is saved(CreateUserSpec.groovy:15)
2011-09-12 00:58:13,447 [main] ERROR StackTrace  - Sanitizing stacktrace:
junit.framework.AssertionFailedError: Condition not satisfied:

to ShowUserPage
|
null

	at CreateUserSpec.should go to show users page when the user is saved(CreateUserSpec.groovy:15)
2011-09-12 00:58:13,456 [main] ERROR StackTrace  - Sanitizing stacktrace:
junit.framework.AssertionFailedError: Condition not satisfied:

to ShowUserPage
|
null

	at CreateUserSpec.should go to show users page when the user is saved(CreateUserSpec.groovy:15)
2011-09-12 01:01:06,978 [main] ERROR StackTrace  - Sanitizing stacktrace:
geb.error.UnresolvablePropertyException: Unable to resolve userName as a property to set on ShowUserPage's Navigator context
	at geb.content.NavigableSupport.propertyMissing(NavigableSupport.groovy:141)
	at geb.Page.propertyMissing(Page.groovy)
	at geb.Page.setProperty(Page.groovy)
	at geb.Browser.propertyMissing(Browser.groovy:181)
	at geb.Browser.setProperty(Browser.groovy)
	at geb.spock.GebSpec.propertyMissing(GebSpec.groovy:59)
	at geb.spock.GebSpec.setProperty(GebSpec.groovy)
	at CreateUserSpec.should go to show users page when the user is saved(CreateUserSpec.groovy:10)
2011-09-12 01:01:06,986 [main] ERROR StackTrace  - Sanitizing stacktrace:
geb.error.UnresolvablePropertyException: Unable to resolve userName as a property to set on ShowUserPage's Navigator context
	at geb.content.NavigableSupport.propertyMissing(NavigableSupport.groovy:141)
	at geb.Page.propertyMissing(Page.groovy)
	at geb.Page.setProperty(Page.groovy)
	at geb.Browser.propertyMissing(Browser.groovy:181)
	at geb.Browser.setProperty(Browser.groovy)
	at geb.spock.GebSpec.propertyMissing(GebSpec.groovy:59)
	at geb.spock.GebSpec.setProperty(GebSpec.groovy)
	at CreateUserSpec.should go to show users page when the user is saved(CreateUserSpec.groovy:10)
2011-09-12 01:02:13,232 [main] ERROR StackTrace  - Sanitizing stacktrace:
junit.framework.AssertionFailedError: Condition not satisfied:

to ShowUserPage
|
null

	at CreateUserSpec.should go to show users page when the user is saved(CreateUserSpec.groovy:15)
2011-09-12 01:02:13,243 [main] ERROR StackTrace  - Sanitizing stacktrace:
junit.framework.AssertionFailedError: Condition not satisfied:

to ShowUserPage
|
null

	at CreateUserSpec.should go to show users page when the user is saved(CreateUserSpec.groovy:15)
2011-09-12 01:07:46,260 [main] ERROR StackTrace  - Sanitizing stacktrace:
junit.framework.AssertionFailedError: Condition not satisfied:

to ShowUserPage
|
null

	at CreateUserSpec.should go to show users page when the user is saved(CreateUserSpec.groovy:15)
2011-09-12 01:07:46,276 [main] ERROR StackTrace  - Sanitizing stacktrace:
junit.framework.AssertionFailedError: Condition not satisfied:

to ShowUserPage
|
null

	at CreateUserSpec.should go to show users page when the user is saved(CreateUserSpec.groovy:15)
2011-09-12 01:10:13,920 [main] ERROR StackTrace  - Sanitizing stacktrace:
junit.framework.AssertionFailedError: Condition not satisfied:

to ShowUserPage
|
null

	at CreateUserSpec.should go to show users page when the user is saved(CreateUserSpec.groovy:15)
2011-09-12 01:10:13,939 [main] ERROR StackTrace  - Sanitizing stacktrace:
junit.framework.AssertionFailedError: Condition not satisfied:

to ShowUserPage
|
null

	at CreateUserSpec.should go to show users page when the user is saved(CreateUserSpec.groovy:15)
2011-09-12 01:12:03,459 [main] ERROR StackTrace  - Sanitizing stacktrace:
geb.error.UnresolvablePropertyException: Unable to resolve ShowUserPage as content for CreateUserPage, or as a property on it's Navigator context
	at geb.content.NavigableSupport.propertyMissing(NavigableSupport.groovy:132)
	at geb.Page.propertyMissing(Page.groovy)
	at geb.Page.getProperty(Page.groovy)
	at geb.Browser.propertyMissing(Browser.groovy:174)
	at geb.Browser.getProperty(Browser.groovy)
	at geb.spock.GebSpec.propertyMissing(GebSpec.groovy:55)
	at CreateUserSpec.should go to show users page when the user is saved(CreateUserSpec.groovy:14)
2011-09-12 01:12:03,469 [main] ERROR StackTrace  - Sanitizing stacktrace:
geb.error.UnresolvablePropertyException: Unable to resolve ShowUserPage as content for CreateUserPage, or as a property on it's Navigator context
	at geb.content.NavigableSupport.propertyMissing(NavigableSupport.groovy:132)
	at geb.Page.propertyMissing(Page.groovy)
	at geb.Page.getProperty(Page.groovy)
	at geb.Browser.propertyMissing(Browser.groovy:174)
	at geb.Browser.getProperty(Browser.groovy)
	at geb.spock.GebSpec.propertyMissing(GebSpec.groovy:55)
	at CreateUserSpec.should go to show users page when the user is saved(CreateUserSpec.groovy:14)
2011-09-12 14:03:08,948 [main] ERROR StackTrace  - Sanitizing stacktrace:
geb.error.UnresolvablePropertyException: Unable to resolve userId1 as a property to set on CreatePairPage's Navigator context
	at geb.content.NavigableSupport.propertyMissing(NavigableSupport.groovy:141)
	at geb.Page.propertyMissing(Page.groovy)
	at geb.Page.setProperty(Page.groovy)
	at geb.Browser.propertyMissing(Browser.groovy:181)
	at geb.Browser.setProperty(Browser.groovy)
	at geb.spock.GebSpec.propertyMissing(GebSpec.groovy:59)
	at geb.spock.GebSpec.setProperty(GebSpec.groovy)
	at CreatePairSpec.should go to show users page and add the newly created user on the table when the user is saved(CreatePairSpec.groovy:14)
2011-09-12 14:03:08,954 [main] ERROR StackTrace  - Sanitizing stacktrace:
geb.error.UnresolvablePropertyException: Unable to resolve userId1 as a property to set on CreatePairPage's Navigator context
	at geb.content.NavigableSupport.propertyMissing(NavigableSupport.groovy:141)
	at geb.Page.propertyMissing(Page.groovy)
	at geb.Page.setProperty(Page.groovy)
	at geb.Browser.propertyMissing(Browser.groovy:181)
	at geb.Browser.setProperty(Browser.groovy)
	at geb.spock.GebSpec.propertyMissing(GebSpec.groovy:59)
	at geb.spock.GebSpec.setProperty(GebSpec.groovy)
	at CreatePairSpec.should go to show users page and add the newly created user on the table when the user is saved(CreatePairSpec.groovy:14)
2011-09-12 14:05:01,864 [main] ERROR StackTrace  - Sanitizing stacktrace:
geb.error.UnresolvablePropertyException: Unable to resolve userId1 as a property to set on CreatePairPage's Navigator context
	at geb.content.NavigableSupport.propertyMissing(NavigableSupport.groovy:141)
	at geb.Page.propertyMissing(Page.groovy)
	at geb.Page.setProperty(Page.groovy)
	at geb.Browser.propertyMissing(Browser.groovy:181)
	at geb.Browser.setProperty(Browser.groovy)
	at geb.spock.GebSpec.propertyMissing(GebSpec.groovy:59)
	at geb.spock.GebSpec.setProperty(GebSpec.groovy)
	at CreatePairSpec.should go to show users page and add the newly created user on the table when the user is saved(CreatePairSpec.groovy:14)
2011-09-12 14:05:01,870 [main] ERROR StackTrace  - Sanitizing stacktrace:
geb.error.UnresolvablePropertyException: Unable to resolve userId1 as a property to set on CreatePairPage's Navigator context
	at geb.content.NavigableSupport.propertyMissing(NavigableSupport.groovy:141)
	at geb.Page.propertyMissing(Page.groovy)
	at geb.Page.setProperty(Page.groovy)
	at geb.Browser.propertyMissing(Browser.groovy:181)
	at geb.Browser.setProperty(Browser.groovy)
	at geb.spock.GebSpec.propertyMissing(GebSpec.groovy:59)
	at geb.spock.GebSpec.setProperty(GebSpec.groovy)
	at CreatePairSpec.should go to show users page and add the newly created user on the table when the user is saved(CreatePairSpec.groovy:14)
2011-09-12 14:12:14,587 [main] ERROR StackTrace  - Sanitizing stacktrace:
geb.error.UnresolvablePropertyException: Unable to resolve userId1 as a property to set on CreatePairPage's Navigator context
	at geb.content.NavigableSupport.propertyMissing(NavigableSupport.groovy:141)
	at geb.Page.propertyMissing(Page.groovy)
	at geb.Page.setProperty(Page.groovy)
	at geb.Browser.propertyMissing(Browser.groovy:181)
	at geb.Browser.setProperty(Browser.groovy)
	at geb.spock.GebSpec.propertyMissing(GebSpec.groovy:59)
	at geb.spock.GebSpec.setProperty(GebSpec.groovy)
	at CreatePairSpec.should go to show users page and add the newly created user on the table when the user is saved(CreatePairSpec.groovy:14)
2011-09-12 14:12:14,592 [main] ERROR StackTrace  - Sanitizing stacktrace:
geb.error.UnresolvablePropertyException: Unable to resolve userId1 as a property to set on CreatePairPage's Navigator context
	at geb.content.NavigableSupport.propertyMissing(NavigableSupport.groovy:141)
	at geb.Page.propertyMissing(Page.groovy)
	at geb.Page.setProperty(Page.groovy)
	at geb.Browser.propertyMissing(Browser.groovy:181)
	at geb.Browser.setProperty(Browser.groovy)
	at geb.spock.GebSpec.propertyMissing(GebSpec.groovy:59)
	at geb.spock.GebSpec.setProperty(GebSpec.groovy)
	at CreatePairSpec.should go to show users page and add the newly created user on the table when the user is saved(CreatePairSpec.groovy:14)
2011-09-12 14:14:25,190 [main] ERROR StackTrace  - Sanitizing stacktrace:
geb.error.UnresolvablePropertyException: Unable to resolve userId1 as a property to set on CreatePairPage's Navigator context
	at geb.content.NavigableSupport.propertyMissing(NavigableSupport.groovy:141)
	at geb.Page.propertyMissing(Page.groovy)
	at geb.Page.setProperty(Page.groovy)
	at geb.Browser.propertyMissing(Browser.groovy:181)
	at geb.Browser.setProperty(Browser.groovy)
	at geb.spock.GebSpec.propertyMissing(GebSpec.groovy:59)
	at geb.spock.GebSpec.setProperty(GebSpec.groovy)
	at CreatePairSpec.should go to show users page and add the newly created user on the table when the user is saved(CreatePairSpec.groovy:14)
2011-09-12 14:14:25,196 [main] ERROR StackTrace  - Sanitizing stacktrace:
geb.error.UnresolvablePropertyException: Unable to resolve userId1 as a property to set on CreatePairPage's Navigator context
	at geb.content.NavigableSupport.propertyMissing(NavigableSupport.groovy:141)
	at geb.Page.propertyMissing(Page.groovy)
	at geb.Page.setProperty(Page.groovy)
	at geb.Browser.propertyMissing(Browser.groovy:181)
	at geb.Browser.setProperty(Browser.groovy)
	at geb.spock.GebSpec.propertyMissing(GebSpec.groovy:59)
	at geb.spock.GebSpec.setProperty(GebSpec.groovy)
	at CreatePairSpec.should go to show users page and add the newly created user on the table when the user is saved(CreatePairSpec.groovy:14)
2011-09-12 14:15:21,700 [http-8080-2] ERROR StackTrace  - Sanitizing stacktrace:
java.lang.NumberFormatException: For input string: ""
	at java.lang.NumberFormatException.forInputString(NumberFormatException.java:65)
	at java.lang.Integer.parseInt(Integer.java:493)
	at java.lang.Integer.valueOf(Integer.java:570)
	at org.codehaus.groovy.runtime.DefaultGroovyMethods.toInteger(DefaultGroovyMethods.java:10141)
	at org.codehaus.groovy.runtime.DefaultGroovyMethods.asType(DefaultGroovyMethods.java:14214)
	at org.codehaus.groovy.runtime.dgm$57.doMethodInvoke(Unknown Source)
	at groovy.lang.MetaClassImpl.invokeMethod(MetaClassImpl.java:1058)
	at groovy.lang.ExpandoMetaClass.invokeMethod(ExpandoMetaClass.java:1070)
	at groovy.lang.MetaClassImpl.invokeMethod(MetaClassImpl.java:886)
	at org.codehaus.groovy.runtime.InvokerHelper.invokePojoMethod(InvokerHelper.java:781)
	at org.codehaus.groovy.runtime.InvokerHelper.invokeMethod(InvokerHelper.java:772)
	at org.codehaus.groovy.runtime.ScriptBytecodeAdapter.invokeMethodN(ScriptBytecodeAdapter.java:163)
	at org.codehaus.groovy.runtime.ScriptBytecodeAdapter.asType(ScriptBytecodeAdapter.java:590)
	at pairingmatrix.UserController$_closure6.doCall(UserController.groovy:33)
	at sun.reflect.NativeMethodAccessorImpl.invoke0(Native Method)
	at sun.reflect.NativeMethodAccessorImpl.invoke(NativeMethodAccessorImpl.java:57)
	at sun.reflect.DelegatingMethodAccessorImpl.invoke(DelegatingMethodAccessorImpl.java:43)
	at java.lang.reflect.Method.invoke(Method.java:616)
	at org.codehaus.groovy.runtime.callsite.PogoMetaMethodSite$PogoCachedMethodSite.invoke(PogoMetaMethodSite.java:225)
	at org.codehaus.groovy.runtime.callsite.PogoMetaMethodSite.callCurrent(PogoMetaMethodSite.java:51)
	at org.codehaus.groovy.runtime.callsite.CallSiteArray.defaultCallCurrent(CallSiteArray.java:44)
	at org.codehaus.groovy.runtime.callsite.AbstractCallSite.callCurrent(AbstractCallSite.java:141)
	at org.codehaus.groovy.runtime.callsite.AbstractCallSite.callCurrent(AbstractCallSite.java:149)
	at pairingmatrix.UserController$_closure6.doCall(UserController.groovy)
	at sun.reflect.NativeMethodAccessorImpl.invoke0(Native Method)
	at sun.reflect.NativeMethodAccessorImpl.invoke(NativeMethodAccessorImpl.java:57)
	at sun.reflect.DelegatingMethodAccessorImpl.invoke(DelegatingMethodAccessorImpl.java:43)
	at java.lang.reflect.Method.invoke(Method.java:616)
	at org.codehaus.groovy.reflection.CachedMethod.invoke(CachedMethod.java:90)
	at groovy.lang.MetaMethod.doMethodInvoke(MetaMethod.java:233)
	at groovy.lang.MetaClassImpl.invokeMethod(MetaClassImpl.java:1058)
	at groovy.lang.ExpandoMetaClass.invokeMethod(ExpandoMetaClass.java:1070)
	at groovy.lang.MetaClassImpl.invokeMethod(MetaClassImpl.java:886)
	at groovy.lang.Closure.call(Closure.java:282)
	at groovy.lang.Closure.call(Closure.java:277)
	at org.codehaus.groovy.grails.web.servlet.mvc.SimpleGrailsControllerHelper.handleAction(SimpleGrailsControllerHelper.java:368)
	at org.codehaus.groovy.grails.web.servlet.mvc.SimpleGrailsControllerHelper.executeAction(SimpleGrailsControllerHelper.java:232)
	at org.codehaus.groovy.grails.web.servlet.mvc.SimpleGrailsControllerHelper.handleURI(SimpleGrailsControllerHelper.java:190)
	at org.codehaus.groovy.grails.web.servlet.mvc.SimpleGrailsControllerHelper.handleURI(SimpleGrailsControllerHelper.java:129)
	at org.codehaus.groovy.grails.web.servlet.mvc.SimpleGrailsController.handleRequest(SimpleGrailsController.java:73)
	at org.springframework.web.servlet.mvc.SimpleControllerHandlerAdapter.handle(SimpleControllerHandlerAdapter.java:48)
	at org.codehaus.groovy.grails.web.servlet.GrailsDispatcherServlet.doDispatch(GrailsDispatcherServlet.java:292)
	at org.springframework.web.servlet.DispatcherServlet.doService(DispatcherServlet.java:719)
	at org.springframework.web.servlet.FrameworkServlet.processRequest(FrameworkServlet.java:644)
	at org.springframework.web.servlet.FrameworkServlet.doPost(FrameworkServlet.java:560)
	at javax.servlet.http.HttpServlet.service(HttpServlet.java:727)
	at javax.servlet.http.HttpServlet.service(HttpServlet.java:820)
	at org.apache.catalina.core.ApplicationFilterChain.internalDoFilter(ApplicationFilterChain.java:290)
	at org.apache.catalina.core.ApplicationFilterChain.doFilter(ApplicationFilterChain.java:206)
	at org.springframework.web.filter.OncePerRequestFilter.doFilter(OncePerRequestFilter.java:70)
	at org.apache.catalina.core.ApplicationFilterChain.internalDoFilter(ApplicationFilterChain.java:235)
	at org.apache.catalina.core.ApplicationFilterChain.doFilter(ApplicationFilterChain.java:206)
	at org.springframework.web.filter.OncePerRequestFilter.doFilter(OncePerRequestFilter.java:70)
	at org.apache.catalina.core.ApplicationFilterChain.internalDoFilter(ApplicationFilterChain.java:235)
	at org.apache.catalina.core.ApplicationFilterChain.doFilter(ApplicationFilterChain.java:206)
	at org.springframework.web.filter.OncePerRequestFilter.doFilter(OncePerRequestFilter.java:70)
	at org.apache.catalina.core.ApplicationFilterChain.internalDoFilter(ApplicationFilterChain.java:235)
	at org.apache.catalina.core.ApplicationFilterChain.doFilter(ApplicationFilterChain.java:206)
	at org.apache.catalina.core.ApplicationDispatcher.invoke(ApplicationDispatcher.java:646)
	at org.apache.catalina.core.ApplicationDispatcher.processRequest(ApplicationDispatcher.java:436)
	at org.apache.catalina.core.ApplicationDispatcher.doForward(ApplicationDispatcher.java:374)
	at org.apache.catalina.core.ApplicationDispatcher.forward(ApplicationDispatcher.java:302)
	at org.codehaus.groovy.grails.web.util.WebUtils.forwardRequestForUrlMappingInfo(WebUtils.java:298)
	at org.codehaus.groovy.grails.web.util.WebUtils.forwardRequestForUrlMappingInfo(WebUtils.java:264)
	at org.codehaus.groovy.grails.web.util.WebUtils.forwardRequestForUrlMappingInfo(WebUtils.java:255)
	at org.codehaus.groovy.grails.web.mapping.filter.UrlMappingsFilter.doFilterInternal(UrlMappingsFilter.java:183)
	at org.springframework.web.filter.OncePerRequestFilter.doFilter(OncePerRequestFilter.java:76)
	at org.apache.catalina.core.ApplicationFilterChain.internalDoFilter(ApplicationFilterChain.java:235)
	at org.apache.catalina.core.ApplicationFilterChain.doFilter(ApplicationFilterChain.java:206)
	at org.codehaus.groovy.grails.web.sitemesh.GrailsPageFilter.obtainContent(GrailsPageFilter.java:245)
	at org.codehaus.groovy.grails.web.sitemesh.GrailsPageFilter.doFilter(GrailsPageFilter.java:134)
	at org.apache.catalina.core.ApplicationFilterChain.internalDoFilter(ApplicationFilterChain.java:235)
	at org.apache.catalina.core.ApplicationFilterChain.doFilter(ApplicationFilterChain.java:206)
	at org.codehaus.groovy.grails.web.servlet.mvc.GrailsWebRequestFilter.doFilterInternal(GrailsWebRequestFilter.java:69)
	at org.springframework.web.filter.OncePerRequestFilter.doFilter(OncePerRequestFilter.java:76)
	at org.apache.catalina.core.ApplicationFilterChain.internalDoFilter(ApplicationFilterChain.java:235)
	at org.apache.catalina.core.ApplicationFilterChain.doFilter(ApplicationFilterChain.java:206)
	at org.codehaus.groovy.grails.web.filters.HiddenHttpMethodFilter.doFilterInternal(HiddenHttpMethodFilter.java:65)
	at org.springframework.web.filter.OncePerRequestFilter.doFilter(OncePerRequestFilter.java:76)
	at org.apache.catalina.core.ApplicationFilterChain.internalDoFilter(ApplicationFilterChain.java:235)
	at org.apache.catalina.core.ApplicationFilterChain.doFilter(ApplicationFilterChain.java:206)
	at org.springframework.web.filter.CharacterEncodingFilter.doFilterInternal(CharacterEncodingFilter.java:88)
	at org.springframework.web.filter.OncePerRequestFilter.doFilter(OncePerRequestFilter.java:76)
	at org.springframework.web.filter.DelegatingFilterProxy.invokeDelegate(DelegatingFilterProxy.java:237)
	at org.springframework.web.filter.DelegatingFilterProxy.doFilter(DelegatingFilterProxy.java:167)
	at org.apache.catalina.core.ApplicationFilterChain.internalDoFilter(ApplicationFilterChain.java:235)
	at org.apache.catalina.core.ApplicationFilterChain.doFilter(ApplicationFilterChain.java:206)
	at org.apache.catalina.core.StandardWrapperValve.invoke(StandardWrapperValve.java:233)
	at org.apache.catalina.core.StandardContextValve.invoke(StandardContextValve.java:191)
	at org.apache.catalina.core.StandardHostValve.invoke(StandardHostValve.java:128)
	at org.apache.catalina.valves.ErrorReportValve.invoke(ErrorReportValve.java:102)
	at org.apache.catalina.core.StandardEngineValve.invoke(StandardEngineValve.java:109)
	at org.apache.catalina.connector.CoyoteAdapter.service(CoyoteAdapter.java:293)
	at org.apache.coyote.http11.Http11Processor.process(Http11Processor.java:849)
	at org.apache.coyote.http11.Http11Protocol$Http11ConnectionHandler.process(Http11Protocol.java:583)
	at org.apache.tomcat.util.net.JIoEndpoint$Worker.run(JIoEndpoint.java:454)
	at java.lang.Thread.run(Thread.java:679)
2011-09-12 14:15:21,704 [http-8080-2] ERROR StackTrace  - Sanitizing stacktrace:
java.lang.NumberFormatException: For input string: ""
	at java.lang.NumberFormatException.forInputString(NumberFormatException.java:65)
	at java.lang.Integer.parseInt(Integer.java:493)
	at java.lang.Integer.valueOf(Integer.java:570)
	at pairingmatrix.UserController$_closure6.doCall(UserController.groovy:33)
	at pairingmatrix.UserController$_closure6.doCall(UserController.groovy)
	at java.lang.Thread.run(Thread.java:679)
2011-09-12 14:15:21,704 [http-8080-2] ERROR StackTrace  - Sanitizing stacktrace:
org.codehaus.groovy.grails.web.servlet.mvc.exceptions.ControllerExecutionException: Executing action [addpair] of controller [pairingmatrix.UserController]  caused exception: For input string: ""
	at org.codehaus.groovy.grails.web.servlet.mvc.SimpleGrailsControllerHelper.executeAction(SimpleGrailsControllerHelper.java:238)
	at org.codehaus.groovy.grails.web.servlet.mvc.SimpleGrailsControllerHelper.handleURI(SimpleGrailsControllerHelper.java:190)
	at org.codehaus.groovy.grails.web.servlet.mvc.SimpleGrailsControllerHelper.handleURI(SimpleGrailsControllerHelper.java:129)
	at org.codehaus.groovy.grails.web.servlet.mvc.SimpleGrailsController.handleRequest(SimpleGrailsController.java:73)
	at org.springframework.web.servlet.mvc.SimpleControllerHandlerAdapter.handle(SimpleControllerHandlerAdapter.java:48)
	at org.codehaus.groovy.grails.web.servlet.GrailsDispatcherServlet.doDispatch(GrailsDispatcherServlet.java:292)
	at org.springframework.web.servlet.DispatcherServlet.doService(DispatcherServlet.java:719)
	at org.springframework.web.servlet.FrameworkServlet.processRequest(FrameworkServlet.java:644)
	at org.springframework.web.servlet.FrameworkServlet.doPost(FrameworkServlet.java:560)
	at javax.servlet.http.HttpServlet.service(HttpServlet.java:727)
	at javax.servlet.http.HttpServlet.service(HttpServlet.java:820)
	at org.apache.catalina.core.ApplicationFilterChain.internalDoFilter(ApplicationFilterChain.java:290)
	at org.apache.catalina.core.ApplicationFilterChain.doFilter(ApplicationFilterChain.java:206)
	at org.springframework.web.filter.OncePerRequestFilter.doFilter(OncePerRequestFilter.java:70)
	at org.apache.catalina.core.ApplicationFilterChain.internalDoFilter(ApplicationFilterChain.java:235)
	at org.apache.catalina.core.ApplicationFilterChain.doFilter(ApplicationFilterChain.java:206)
	at org.springframework.web.filter.OncePerRequestFilter.doFilter(OncePerRequestFilter.java:70)
	at org.apache.catalina.core.ApplicationFilterChain.internalDoFilter(ApplicationFilterChain.java:235)
	at org.apache.catalina.core.ApplicationFilterChain.doFilter(ApplicationFilterChain.java:206)
	at org.springframework.web.filter.OncePerRequestFilter.doFilter(OncePerRequestFilter.java:70)
	at org.apache.catalina.core.ApplicationFilterChain.internalDoFilter(ApplicationFilterChain.java:235)
	at org.apache.catalina.core.ApplicationFilterChain.doFilter(ApplicationFilterChain.java:206)
	at org.apache.catalina.core.ApplicationDispatcher.invoke(ApplicationDispatcher.java:646)
	at org.apache.catalina.core.ApplicationDispatcher.processRequest(ApplicationDispatcher.java:436)
	at org.apache.catalina.core.ApplicationDispatcher.doForward(ApplicationDispatcher.java:374)
	at org.apache.catalina.core.ApplicationDispatcher.forward(ApplicationDispatcher.java:302)
	at org.codehaus.groovy.grails.web.util.WebUtils.forwardRequestForUrlMappingInfo(WebUtils.java:298)
	at org.codehaus.groovy.grails.web.util.WebUtils.forwardRequestForUrlMappingInfo(WebUtils.java:264)
	at org.codehaus.groovy.grails.web.util.WebUtils.forwardRequestForUrlMappingInfo(WebUtils.java:255)
	at org.codehaus.groovy.grails.web.mapping.filter.UrlMappingsFilter.doFilterInternal(UrlMappingsFilter.java:183)
	at org.springframework.web.filter.OncePerRequestFilter.doFilter(OncePerRequestFilter.java:76)
	at org.apache.catalina.core.ApplicationFilterChain.internalDoFilter(ApplicationFilterChain.java:235)
	at org.apache.catalina.core.ApplicationFilterChain.doFilter(ApplicationFilterChain.java:206)
	at org.codehaus.groovy.grails.web.sitemesh.GrailsPageFilter.obtainContent(GrailsPageFilter.java:245)
	at org.codehaus.groovy.grails.web.sitemesh.GrailsPageFilter.doFilter(GrailsPageFilter.java:134)
	at org.apache.catalina.core.ApplicationFilterChain.internalDoFilter(ApplicationFilterChain.java:235)
	at org.apache.catalina.core.ApplicationFilterChain.doFilter(ApplicationFilterChain.java:206)
	at org.codehaus.groovy.grails.web.servlet.mvc.GrailsWebRequestFilter.doFilterInternal(GrailsWebRequestFilter.java:69)
	at org.springframework.web.filter.OncePerRequestFilter.doFilter(OncePerRequestFilter.java:76)
	at org.apache.catalina.core.ApplicationFilterChain.internalDoFilter(ApplicationFilterChain.java:235)
	at org.apache.catalina.core.ApplicationFilterChain.doFilter(ApplicationFilterChain.java:206)
	at org.codehaus.groovy.grails.web.filters.HiddenHttpMethodFilter.doFilterInternal(HiddenHttpMethodFilter.java:65)
	at org.springframework.web.filter.OncePerRequestFilter.doFilter(OncePerRequestFilter.java:76)
	at org.apache.catalina.core.ApplicationFilterChain.internalDoFilter(ApplicationFilterChain.java:235)
	at org.apache.catalina.core.ApplicationFilterChain.doFilter(ApplicationFilterChain.java:206)
	at org.springframework.web.filter.CharacterEncodingFilter.doFilterInternal(CharacterEncodingFilter.java:88)
	at org.springframework.web.filter.OncePerRequestFilter.doFilter(OncePerRequestFilter.java:76)
	at org.springframework.web.filter.DelegatingFilterProxy.invokeDelegate(DelegatingFilterProxy.java:237)
	at org.springframework.web.filter.DelegatingFilterProxy.doFilter(DelegatingFilterProxy.java:167)
	at org.apache.catalina.core.ApplicationFilterChain.internalDoFilter(ApplicationFilterChain.java:235)
	at org.apache.catalina.core.ApplicationFilterChain.doFilter(ApplicationFilterChain.java:206)
	at org.apache.catalina.core.StandardWrapperValve.invoke(StandardWrapperValve.java:233)
	at org.apache.catalina.core.StandardContextValve.invoke(StandardContextValve.java:191)
	at org.apache.catalina.core.StandardHostValve.invoke(StandardHostValve.java:128)
	at org.apache.catalina.valves.ErrorReportValve.invoke(ErrorReportValve.java:102)
	at org.apache.catalina.core.StandardEngineValve.invoke(StandardEngineValve.java:109)
	at org.apache.catalina.connector.CoyoteAdapter.service(CoyoteAdapter.java:293)
	at org.apache.coyote.http11.Http11Processor.process(Http11Processor.java:849)
	at org.apache.coyote.http11.Http11Protocol$Http11ConnectionHandler.process(Http11Protocol.java:583)
	at org.apache.tomcat.util.net.JIoEndpoint$Worker.run(JIoEndpoint.java:454)
	at java.lang.Thread.run(Thread.java:679)
Caused by: java.lang.NumberFormatException: For input string: ""
	at java.lang.NumberFormatException.forInputString(NumberFormatException.java:65)
	at java.lang.Integer.parseInt(Integer.java:493)
	at java.lang.Integer.valueOf(Integer.java:570)
	at pairingmatrix.UserController$_closure6.doCall(UserController.groovy:33)
	at pairingmatrix.UserController$_closure6.doCall(UserController.groovy)
	... 1 more
2011-09-12 14:15:21,706 [http-8080-2] ERROR StackTrace  - Sanitizing stacktrace:
java.lang.NumberFormatException: For input string: ""
	at java.lang.NumberFormatException.forInputString(NumberFormatException.java:65)
	at java.lang.Integer.parseInt(Integer.java:493)
	at java.lang.Integer.valueOf(Integer.java:570)
	at pairingmatrix.UserController$_closure6.doCall(UserController.groovy:33)
	at pairingmatrix.UserController$_closure6.doCall(UserController.groovy)
	at java.lang.Thread.run(Thread.java:679)
2011-09-12 14:15:22,074 [main] ERROR StackTrace  - Sanitizing stacktrace:
java.lang.IllegalArgumentException: class functionaltests.pages.ShowPairPage is not a subclass of class geb.Page
	at geb.Browser.createPage(Browser.groovy:379)
	at geb.Browser.at(Browser.groovy:258)
	at geb.spock.GebSpec.methodMissing(GebSpec.groovy:51)
	at CreatePairSpec.should go to show users page and add the newly created user on the table when the user is saved(CreatePairSpec.groovy:19)
2011-09-12 14:15:22,079 [main] ERROR StackTrace  - Sanitizing stacktrace:
java.lang.IllegalArgumentException: class functionaltests.pages.ShowPairPage is not a subclass of class geb.Page
	at geb.Browser.createPage(Browser.groovy:379)
	at geb.Browser.at(Browser.groovy:258)
	at geb.spock.GebSpec.methodMissing(GebSpec.groovy:51)
	at CreatePairSpec.should go to show users page and add the newly created user on the table when the user is saved(CreatePairSpec.groovy:19)
2011-09-12 14:16:53,711 [http-8080-1] ERROR StackTrace  - Sanitizing stacktrace:
java.lang.NumberFormatException: For input string: ""
	at java.lang.NumberFormatException.forInputString(NumberFormatException.java:65)
	at java.lang.Integer.parseInt(Integer.java:493)
	at java.lang.Integer.valueOf(Integer.java:570)
	at org.codehaus.groovy.runtime.DefaultGroovyMethods.toInteger(DefaultGroovyMethods.java:10141)
	at org.codehaus.groovy.runtime.DefaultGroovyMethods.asType(DefaultGroovyMethods.java:14214)
	at org.codehaus.groovy.runtime.dgm$57.doMethodInvoke(Unknown Source)
	at groovy.lang.MetaClassImpl.invokeMethod(MetaClassImpl.java:1058)
	at groovy.lang.ExpandoMetaClass.invokeMethod(ExpandoMetaClass.java:1070)
	at groovy.lang.MetaClassImpl.invokeMethod(MetaClassImpl.java:886)
	at org.codehaus.groovy.runtime.InvokerHelper.invokePojoMethod(InvokerHelper.java:781)
	at org.codehaus.groovy.runtime.InvokerHelper.invokeMethod(InvokerHelper.java:772)
	at org.codehaus.groovy.runtime.ScriptBytecodeAdapter.invokeMethodN(ScriptBytecodeAdapter.java:163)
	at org.codehaus.groovy.runtime.ScriptBytecodeAdapter.asType(ScriptBytecodeAdapter.java:590)
	at pairingmatrix.UserController$_closure6.doCall(UserController.groovy:33)
	at sun.reflect.NativeMethodAccessorImpl.invoke0(Native Method)
	at sun.reflect.NativeMethodAccessorImpl.invoke(NativeMethodAccessorImpl.java:57)
	at sun.reflect.DelegatingMethodAccessorImpl.invoke(DelegatingMethodAccessorImpl.java:43)
	at java.lang.reflect.Method.invoke(Method.java:616)
	at org.codehaus.groovy.runtime.callsite.PogoMetaMethodSite$PogoCachedMethodSite.invoke(PogoMetaMethodSite.java:225)
	at org.codehaus.groovy.runtime.callsite.PogoMetaMethodSite.callCurrent(PogoMetaMethodSite.java:51)
	at org.codehaus.groovy.runtime.callsite.CallSiteArray.defaultCallCurrent(CallSiteArray.java:44)
	at org.codehaus.groovy.runtime.callsite.AbstractCallSite.callCurrent(AbstractCallSite.java:141)
	at org.codehaus.groovy.runtime.callsite.AbstractCallSite.callCurrent(AbstractCallSite.java:149)
	at pairingmatrix.UserController$_closure6.doCall(UserController.groovy)
	at sun.reflect.NativeMethodAccessorImpl.invoke0(Native Method)
	at sun.reflect.NativeMethodAccessorImpl.invoke(NativeMethodAccessorImpl.java:57)
	at sun.reflect.DelegatingMethodAccessorImpl.invoke(DelegatingMethodAccessorImpl.java:43)
	at java.lang.reflect.Method.invoke(Method.java:616)
	at org.codehaus.groovy.reflection.CachedMethod.invoke(CachedMethod.java:90)
	at groovy.lang.MetaMethod.doMethodInvoke(MetaMethod.java:233)
	at groovy.lang.MetaClassImpl.invokeMethod(MetaClassImpl.java:1058)
	at groovy.lang.ExpandoMetaClass.invokeMethod(ExpandoMetaClass.java:1070)
	at groovy.lang.MetaClassImpl.invokeMethod(MetaClassImpl.java:886)
	at groovy.lang.Closure.call(Closure.java:282)
	at groovy.lang.Closure.call(Closure.java:277)
	at org.codehaus.groovy.grails.web.servlet.mvc.SimpleGrailsControllerHelper.handleAction(SimpleGrailsControllerHelper.java:368)
	at org.codehaus.groovy.grails.web.servlet.mvc.SimpleGrailsControllerHelper.executeAction(SimpleGrailsControllerHelper.java:232)
	at org.codehaus.groovy.grails.web.servlet.mvc.SimpleGrailsControllerHelper.handleURI(SimpleGrailsControllerHelper.java:190)
	at org.codehaus.groovy.grails.web.servlet.mvc.SimpleGrailsControllerHelper.handleURI(SimpleGrailsControllerHelper.java:129)
	at org.codehaus.groovy.grails.web.servlet.mvc.SimpleGrailsController.handleRequest(SimpleGrailsController.java:73)
	at org.springframework.web.servlet.mvc.SimpleControllerHandlerAdapter.handle(SimpleControllerHandlerAdapter.java:48)
	at org.codehaus.groovy.grails.web.servlet.GrailsDispatcherServlet.doDispatch(GrailsDispatcherServlet.java:292)
	at org.springframework.web.servlet.DispatcherServlet.doService(DispatcherServlet.java:719)
	at org.springframework.web.servlet.FrameworkServlet.processRequest(FrameworkServlet.java:644)
	at org.springframework.web.servlet.FrameworkServlet.doPost(FrameworkServlet.java:560)
	at javax.servlet.http.HttpServlet.service(HttpServlet.java:727)
	at javax.servlet.http.HttpServlet.service(HttpServlet.java:820)
	at org.apache.catalina.core.ApplicationFilterChain.internalDoFilter(ApplicationFilterChain.java:290)
	at org.apache.catalina.core.ApplicationFilterChain.doFilter(ApplicationFilterChain.java:206)
	at org.springframework.web.filter.OncePerRequestFilter.doFilter(OncePerRequestFilter.java:70)
	at org.apache.catalina.core.ApplicationFilterChain.internalDoFilter(ApplicationFilterChain.java:235)
	at org.apache.catalina.core.ApplicationFilterChain.doFilter(ApplicationFilterChain.java:206)
	at org.springframework.web.filter.OncePerRequestFilter.doFilter(OncePerRequestFilter.java:70)
	at org.apache.catalina.core.ApplicationFilterChain.internalDoFilter(ApplicationFilterChain.java:235)
	at org.apache.catalina.core.ApplicationFilterChain.doFilter(ApplicationFilterChain.java:206)
	at org.springframework.web.filter.OncePerRequestFilter.doFilter(OncePerRequestFilter.java:70)
	at org.apache.catalina.core.ApplicationFilterChain.internalDoFilter(ApplicationFilterChain.java:235)
	at org.apache.catalina.core.ApplicationFilterChain.doFilter(ApplicationFilterChain.java:206)
	at org.apache.catalina.core.ApplicationDispatcher.invoke(ApplicationDispatcher.java:646)
	at org.apache.catalina.core.ApplicationDispatcher.processRequest(ApplicationDispatcher.java:436)
	at org.apache.catalina.core.ApplicationDispatcher.doForward(ApplicationDispatcher.java:374)
	at org.apache.catalina.core.ApplicationDispatcher.forward(ApplicationDispatcher.java:302)
	at org.codehaus.groovy.grails.web.util.WebUtils.forwardRequestForUrlMappingInfo(WebUtils.java:298)
	at org.codehaus.groovy.grails.web.util.WebUtils.forwardRequestForUrlMappingInfo(WebUtils.java:264)
	at org.codehaus.groovy.grails.web.util.WebUtils.forwardRequestForUrlMappingInfo(WebUtils.java:255)
	at org.codehaus.groovy.grails.web.mapping.filter.UrlMappingsFilter.doFilterInternal(UrlMappingsFilter.java:183)
	at org.springframework.web.filter.OncePerRequestFilter.doFilter(OncePerRequestFilter.java:76)
	at org.apache.catalina.core.ApplicationFilterChain.internalDoFilter(ApplicationFilterChain.java:235)
	at org.apache.catalina.core.ApplicationFilterChain.doFilter(ApplicationFilterChain.java:206)
	at org.codehaus.groovy.grails.web.sitemesh.GrailsPageFilter.obtainContent(GrailsPageFilter.java:245)
	at org.codehaus.groovy.grails.web.sitemesh.GrailsPageFilter.doFilter(GrailsPageFilter.java:134)
	at org.apache.catalina.core.ApplicationFilterChain.internalDoFilter(ApplicationFilterChain.java:235)
	at org.apache.catalina.core.ApplicationFilterChain.doFilter(ApplicationFilterChain.java:206)
	at org.codehaus.groovy.grails.web.servlet.mvc.GrailsWebRequestFilter.doFilterInternal(GrailsWebRequestFilter.java:69)
	at org.springframework.web.filter.OncePerRequestFilter.doFilter(OncePerRequestFilter.java:76)
	at org.apache.catalina.core.ApplicationFilterChain.internalDoFilter(ApplicationFilterChain.java:235)
	at org.apache.catalina.core.ApplicationFilterChain.doFilter(ApplicationFilterChain.java:206)
	at org.codehaus.groovy.grails.web.filters.HiddenHttpMethodFilter.doFilterInternal(HiddenHttpMethodFilter.java:65)
	at org.springframework.web.filter.OncePerRequestFilter.doFilter(OncePerRequestFilter.java:76)
	at org.apache.catalina.core.ApplicationFilterChain.internalDoFilter(ApplicationFilterChain.java:235)
	at org.apache.catalina.core.ApplicationFilterChain.doFilter(ApplicationFilterChain.java:206)
	at org.springframework.web.filter.CharacterEncodingFilter.doFilterInternal(CharacterEncodingFilter.java:88)
	at org.springframework.web.filter.OncePerRequestFilter.doFilter(OncePerRequestFilter.java:76)
	at org.springframework.web.filter.DelegatingFilterProxy.invokeDelegate(DelegatingFilterProxy.java:237)
	at org.springframework.web.filter.DelegatingFilterProxy.doFilter(DelegatingFilterProxy.java:167)
	at org.apache.catalina.core.ApplicationFilterChain.internalDoFilter(ApplicationFilterChain.java:235)
	at org.apache.catalina.core.ApplicationFilterChain.doFilter(ApplicationFilterChain.java:206)
	at org.apache.catalina.core.StandardWrapperValve.invoke(StandardWrapperValve.java:233)
	at org.apache.catalina.core.StandardContextValve.invoke(StandardContextValve.java:191)
	at org.apache.catalina.core.StandardHostValve.invoke(StandardHostValve.java:128)
	at org.apache.catalina.valves.ErrorReportValve.invoke(ErrorReportValve.java:102)
	at org.apache.catalina.core.StandardEngineValve.invoke(StandardEngineValve.java:109)
	at org.apache.catalina.connector.CoyoteAdapter.service(CoyoteAdapter.java:293)
	at org.apache.coyote.http11.Http11Processor.process(Http11Processor.java:849)
	at org.apache.coyote.http11.Http11Protocol$Http11ConnectionHandler.process(Http11Protocol.java:583)
	at org.apache.tomcat.util.net.JIoEndpoint$Worker.run(JIoEndpoint.java:454)
	at java.lang.Thread.run(Thread.java:679)
2011-09-12 14:16:53,714 [http-8080-1] ERROR StackTrace  - Sanitizing stacktrace:
java.lang.NumberFormatException: For input string: ""
	at java.lang.NumberFormatException.forInputString(NumberFormatException.java:65)
	at java.lang.Integer.parseInt(Integer.java:493)
	at java.lang.Integer.valueOf(Integer.java:570)
	at pairingmatrix.UserController$_closure6.doCall(UserController.groovy:33)
	at pairingmatrix.UserController$_closure6.doCall(UserController.groovy)
	at java.lang.Thread.run(Thread.java:679)
2011-09-12 14:16:53,715 [http-8080-1] ERROR StackTrace  - Sanitizing stacktrace:
org.codehaus.groovy.grails.web.servlet.mvc.exceptions.ControllerExecutionException: Executing action [addpair] of controller [pairingmatrix.UserController]  caused exception: For input string: ""
	at org.codehaus.groovy.grails.web.servlet.mvc.SimpleGrailsControllerHelper.executeAction(SimpleGrailsControllerHelper.java:238)
	at org.codehaus.groovy.grails.web.servlet.mvc.SimpleGrailsControllerHelper.handleURI(SimpleGrailsControllerHelper.java:190)
	at org.codehaus.groovy.grails.web.servlet.mvc.SimpleGrailsControllerHelper.handleURI(SimpleGrailsControllerHelper.java:129)
	at org.codehaus.groovy.grails.web.servlet.mvc.SimpleGrailsController.handleRequest(SimpleGrailsController.java:73)
	at org.springframework.web.servlet.mvc.SimpleControllerHandlerAdapter.handle(SimpleControllerHandlerAdapter.java:48)
	at org.codehaus.groovy.grails.web.servlet.GrailsDispatcherServlet.doDispatch(GrailsDispatcherServlet.java:292)
	at org.springframework.web.servlet.DispatcherServlet.doService(DispatcherServlet.java:719)
	at org.springframework.web.servlet.FrameworkServlet.processRequest(FrameworkServlet.java:644)
	at org.springframework.web.servlet.FrameworkServlet.doPost(FrameworkServlet.java:560)
	at javax.servlet.http.HttpServlet.service(HttpServlet.java:727)
	at javax.servlet.http.HttpServlet.service(HttpServlet.java:820)
	at org.apache.catalina.core.ApplicationFilterChain.internalDoFilter(ApplicationFilterChain.java:290)
	at org.apache.catalina.core.ApplicationFilterChain.doFilter(ApplicationFilterChain.java:206)
	at org.springframework.web.filter.OncePerRequestFilter.doFilter(OncePerRequestFilter.java:70)
	at org.apache.catalina.core.ApplicationFilterChain.internalDoFilter(ApplicationFilterChain.java:235)
	at org.apache.catalina.core.ApplicationFilterChain.doFilter(ApplicationFilterChain.java:206)
	at org.springframework.web.filter.OncePerRequestFilter.doFilter(OncePerRequestFilter.java:70)
	at org.apache.catalina.core.ApplicationFilterChain.internalDoFilter(ApplicationFilterChain.java:235)
	at org.apache.catalina.core.ApplicationFilterChain.doFilter(ApplicationFilterChain.java:206)
	at org.springframework.web.filter.OncePerRequestFilter.doFilter(OncePerRequestFilter.java:70)
	at org.apache.catalina.core.ApplicationFilterChain.internalDoFilter(ApplicationFilterChain.java:235)
	at org.apache.catalina.core.ApplicationFilterChain.doFilter(ApplicationFilterChain.java:206)
	at org.apache.catalina.core.ApplicationDispatcher.invoke(ApplicationDispatcher.java:646)
	at org.apache.catalina.core.ApplicationDispatcher.processRequest(ApplicationDispatcher.java:436)
	at org.apache.catalina.core.ApplicationDispatcher.doForward(ApplicationDispatcher.java:374)
	at org.apache.catalina.core.ApplicationDispatcher.forward(ApplicationDispatcher.java:302)
	at org.codehaus.groovy.grails.web.util.WebUtils.forwardRequestForUrlMappingInfo(WebUtils.java:298)
	at org.codehaus.groovy.grails.web.util.WebUtils.forwardRequestForUrlMappingInfo(WebUtils.java:264)
	at org.codehaus.groovy.grails.web.util.WebUtils.forwardRequestForUrlMappingInfo(WebUtils.java:255)
	at org.codehaus.groovy.grails.web.mapping.filter.UrlMappingsFilter.doFilterInternal(UrlMappingsFilter.java:183)
	at org.springframework.web.filter.OncePerRequestFilter.doFilter(OncePerRequestFilter.java:76)
	at org.apache.catalina.core.ApplicationFilterChain.internalDoFilter(ApplicationFilterChain.java:235)
	at org.apache.catalina.core.ApplicationFilterChain.doFilter(ApplicationFilterChain.java:206)
	at org.codehaus.groovy.grails.web.sitemesh.GrailsPageFilter.obtainContent(GrailsPageFilter.java:245)
	at org.codehaus.groovy.grails.web.sitemesh.GrailsPageFilter.doFilter(GrailsPageFilter.java:134)
	at org.apache.catalina.core.ApplicationFilterChain.internalDoFilter(ApplicationFilterChain.java:235)
	at org.apache.catalina.core.ApplicationFilterChain.doFilter(ApplicationFilterChain.java:206)
	at org.codehaus.groovy.grails.web.servlet.mvc.GrailsWebRequestFilter.doFilterInternal(GrailsWebRequestFilter.java:69)
	at org.springframework.web.filter.OncePerRequestFilter.doFilter(OncePerRequestFilter.java:76)
	at org.apache.catalina.core.ApplicationFilterChain.internalDoFilter(ApplicationFilterChain.java:235)
	at org.apache.catalina.core.ApplicationFilterChain.doFilter(ApplicationFilterChain.java:206)
	at org.codehaus.groovy.grails.web.filters.HiddenHttpMethodFilter.doFilterInternal(HiddenHttpMethodFilter.java:65)
	at org.springframework.web.filter.OncePerRequestFilter.doFilter(OncePerRequestFilter.java:76)
	at org.apache.catalina.core.ApplicationFilterChain.internalDoFilter(ApplicationFilterChain.java:235)
	at org.apache.catalina.core.ApplicationFilterChain.doFilter(ApplicationFilterChain.java:206)
	at org.springframework.web.filter.CharacterEncodingFilter.doFilterInternal(CharacterEncodingFilter.java:88)
	at org.springframework.web.filter.OncePerRequestFilter.doFilter(OncePerRequestFilter.java:76)
	at org.springframework.web.filter.DelegatingFilterProxy.invokeDelegate(DelegatingFilterProxy.java:237)
	at org.springframework.web.filter.DelegatingFilterProxy.doFilter(DelegatingFilterProxy.java:167)
	at org.apache.catalina.core.ApplicationFilterChain.internalDoFilter(ApplicationFilterChain.java:235)
	at org.apache.catalina.core.ApplicationFilterChain.doFilter(ApplicationFilterChain.java:206)
	at org.apache.catalina.core.StandardWrapperValve.invoke(StandardWrapperValve.java:233)
	at org.apache.catalina.core.StandardContextValve.invoke(StandardContextValve.java:191)
	at org.apache.catalina.core.StandardHostValve.invoke(StandardHostValve.java:128)
	at org.apache.catalina.valves.ErrorReportValve.invoke(ErrorReportValve.java:102)
	at org.apache.catalina.core.StandardEngineValve.invoke(StandardEngineValve.java:109)
	at org.apache.catalina.connector.CoyoteAdapter.service(CoyoteAdapter.java:293)
	at org.apache.coyote.http11.Http11Processor.process(Http11Processor.java:849)
	at org.apache.coyote.http11.Http11Protocol$Http11ConnectionHandler.process(Http11Protocol.java:583)
	at org.apache.tomcat.util.net.JIoEndpoint$Worker.run(JIoEndpoint.java:454)
	at java.lang.Thread.run(Thread.java:679)
Caused by: java.lang.NumberFormatException: For input string: ""
	at java.lang.NumberFormatException.forInputString(NumberFormatException.java:65)
	at java.lang.Integer.parseInt(Integer.java:493)
	at java.lang.Integer.valueOf(Integer.java:570)
	at pairingmatrix.UserController$_closure6.doCall(UserController.groovy:33)
	at pairingmatrix.UserController$_closure6.doCall(UserController.groovy)
	... 1 more
2011-09-12 14:16:53,722 [http-8080-1] ERROR StackTrace  - Sanitizing stacktrace:
java.lang.NumberFormatException: For input string: ""
	at java.lang.NumberFormatException.forInputString(NumberFormatException.java:65)
	at java.lang.Integer.parseInt(Integer.java:493)
	at java.lang.Integer.valueOf(Integer.java:570)
	at pairingmatrix.UserController$_closure6.doCall(UserController.groovy:33)
	at pairingmatrix.UserController$_closure6.doCall(UserController.groovy)
	at java.lang.Thread.run(Thread.java:679)
2011-09-12 14:16:54,105 [main] ERROR StackTrace  - Sanitizing stacktrace:
junit.framework.AssertionFailedError: Condition not satisfied:

at(ShowPairPage)
|
false

	at CreatePairSpec.should go to show users page and add the newly created user on the table when the user is saved(CreatePairSpec.groovy:19)
2011-09-12 14:16:54,112 [main] ERROR StackTrace  - Sanitizing stacktrace:
junit.framework.AssertionFailedError: Condition not satisfied:

at(ShowPairPage)
|
false

	at CreatePairSpec.should go to show users page and add the newly created user on the table when the user is saved(CreatePairSpec.groovy:19)
2011-09-12 14:20:17,622 [main] ERROR StackTrace  - Sanitizing stacktrace:
org.openqa.selenium.remote.ErrorHandler$UnknownServerException: Element is not currently visible and so may not be interacted with
Build info: version: '2.4.0', revision: '13336', time: '2011-08-17 21:21:21'
System info: os.name: 'Linux', os.arch: 'i386', os.version: '2.6.38-10-generic', java.version: '1.6.0_22'
Driver info: driver.version: unknown
	at <anonymous class>.<anonymous method>(resource://fxdriver/modules/atoms.js:9373)
	at <anonymous class>.<anonymous method>(file:///tmp/anonymous780358305334497474webdriver-profile/extensions/fxdriver@googlecode.com/components/nsCommandProcessor.js:256)
	at <anonymous class>.<anonymous method>(file:///tmp/anonymous780358305334497474webdriver-profile/extensions/fxdriver@googlecode.com/components/nsCommandProcessor.js:305)
	at <anonymous class>.<anonymous method>(file:///tmp/anonymous780358305334497474webdriver-profile/extensions/fxdriver@googlecode.com/components/nsCommandProcessor.js:320)
	at <anonymous class>.<anonymous method>(file:///tmp/anonymous780358305334497474webdriver-profile/extensions/fxdriver@googlecode.com/components/nsCommandProcessor.js:197)
2011-09-12 14:20:17,626 [main] ERROR StackTrace  - Sanitizing stacktrace:
org.openqa.selenium.ElementNotVisibleException: Element is not currently visible and so may not be interacted with
Build info: version: '2.4.0', revision: '13336', time: '2011-08-17 21:21:21'
System info: os.name: 'Linux', os.arch: 'i386', os.version: '2.6.38-10-generic', java.version: '1.6.0_22'
Driver info: driver.version: RemoteWebDriver
	at org.openqa.selenium.remote.ErrorHandler.createThrowable(ErrorHandler.java:131)
	at org.openqa.selenium.remote.ErrorHandler.throwIfResponseFailed(ErrorHandler.java:105)
	at org.openqa.selenium.remote.RemoteWebDriver.execute(RemoteWebDriver.java:407)
	at org.openqa.selenium.remote.RemoteWebElement.execute(RemoteWebElement.java:213)
	at org.openqa.selenium.remote.RemoteWebElement.clear(RemoteWebElement.java:61)
	at geb.navigator.NonEmptyNavigator.setInputValue(NonEmptyNavigator.groovy:495)
	at geb.navigator.NonEmptyNavigator.setInputValues_closure36(NonEmptyNavigator.groovy:459)
	at groovy.lang.Closure.call(Closure.java:282)
	at groovy.lang.Closure.call(Closure.java:295)
	at geb.navigator.NonEmptyNavigator.setInputValues(NonEmptyNavigator.groovy:458)
	at geb.navigator.NonEmptyNavigator.propertyMissing(NonEmptyNavigator.groovy:377)
	at geb.navigator.Navigator.setProperty(Navigator.groovy)
	at geb.content.NavigableSupport.propertyMissing(NavigableSupport.groovy:139)
	at geb.Page.propertyMissing(Page.groovy)
	at geb.Page.setProperty(Page.groovy)
	at geb.Browser.propertyMissing(Browser.groovy:181)
	at geb.Browser.setProperty(Browser.groovy)
	at geb.spock.GebSpec.propertyMissing(GebSpec.groovy:59)
	at geb.spock.GebSpec.setProperty(GebSpec.groovy)
	at CreatePairSpec.should go to show users page and add the newly created user on the table when the user is saved(CreatePairSpec.groovy:14)
Caused by: org.openqa.selenium.remote.ErrorHandler$UnknownServerException: Element is not currently visible and so may not be interacted with
Build info: version: '2.4.0', revision: '13336', time: '2011-08-17 21:21:21'
System info: os.name: 'Linux', os.arch: 'i386', os.version: '2.6.38-10-generic', java.version: '1.6.0_22'
Driver info: driver.version: unknown
	at <anonymous class>.<anonymous method>(resource://fxdriver/modules/atoms.js:9373)
	at <anonymous class>.<anonymous method>(file:///tmp/anonymous780358305334497474webdriver-profile/extensions/fxdriver@googlecode.com/components/nsCommandProcessor.js:256)
	at <anonymous class>.<anonymous method>(file:///tmp/anonymous780358305334497474webdriver-profile/extensions/fxdriver@googlecode.com/components/nsCommandProcessor.js:305)
	at <anonymous class>.<anonymous method>(file:///tmp/anonymous780358305334497474webdriver-profile/extensions/fxdriver@googlecode.com/components/nsCommandProcessor.js:320)
	at <anonymous class>.<anonymous method>(file:///tmp/anonymous780358305334497474webdriver-profile/extensions/fxdriver@googlecode.com/components/nsCommandProcessor.js:197)
2011-09-12 14:20:17,631 [main] ERROR StackTrace  - Sanitizing stacktrace:
org.openqa.selenium.remote.ErrorHandler$UnknownServerException: Element is not currently visible and so may not be interacted with
Build info: version: '2.4.0', revision: '13336', time: '2011-08-17 21:21:21'
System info: os.name: 'Linux', os.arch: 'i386', os.version: '2.6.38-10-generic', java.version: '1.6.0_22'
Driver info: driver.version: unknown
	at <anonymous class>.<anonymous method>(resource://fxdriver/modules/atoms.js:9373)
	at <anonymous class>.<anonymous method>(file:///tmp/anonymous780358305334497474webdriver-profile/extensions/fxdriver@googlecode.com/components/nsCommandProcessor.js:256)
	at <anonymous class>.<anonymous method>(file:///tmp/anonymous780358305334497474webdriver-profile/extensions/fxdriver@googlecode.com/components/nsCommandProcessor.js:305)
	at <anonymous class>.<anonymous method>(file:///tmp/anonymous780358305334497474webdriver-profile/extensions/fxdriver@googlecode.com/components/nsCommandProcessor.js:320)
	at <anonymous class>.<anonymous method>(file:///tmp/anonymous780358305334497474webdriver-profile/extensions/fxdriver@googlecode.com/components/nsCommandProcessor.js:197)
2011-09-12 14:20:17,631 [main] ERROR StackTrace  - Sanitizing stacktrace:
org.openqa.selenium.ElementNotVisibleException: Element is not currently visible and so may not be interacted with
Build info: version: '2.4.0', revision: '13336', time: '2011-08-17 21:21:21'
System info: os.name: 'Linux', os.arch: 'i386', os.version: '2.6.38-10-generic', java.version: '1.6.0_22'
Driver info: driver.version: RemoteWebDriver
	at org.openqa.selenium.remote.ErrorHandler.createThrowable(ErrorHandler.java:131)
	at org.openqa.selenium.remote.ErrorHandler.throwIfResponseFailed(ErrorHandler.java:105)
	at org.openqa.selenium.remote.RemoteWebDriver.execute(RemoteWebDriver.java:407)
	at org.openqa.selenium.remote.RemoteWebElement.execute(RemoteWebElement.java:213)
	at org.openqa.selenium.remote.RemoteWebElement.clear(RemoteWebElement.java:61)
	at geb.navigator.NonEmptyNavigator.setInputValue(NonEmptyNavigator.groovy:495)
	at geb.navigator.NonEmptyNavigator.setInputValues_closure36(NonEmptyNavigator.groovy:459)
	at geb.navigator.NonEmptyNavigator.setInputValues(NonEmptyNavigator.groovy:458)
	at geb.navigator.NonEmptyNavigator.propertyMissing(NonEmptyNavigator.groovy:377)
	at geb.navigator.Navigator.setProperty(Navigator.groovy)
	at geb.content.NavigableSupport.propertyMissing(NavigableSupport.groovy:139)
	at geb.Page.propertyMissing(Page.groovy)
	at geb.Page.setProperty(Page.groovy)
	at geb.Browser.propertyMissing(Browser.groovy:181)
	at geb.Browser.setProperty(Browser.groovy)
	at geb.spock.GebSpec.propertyMissing(GebSpec.groovy:59)
	at geb.spock.GebSpec.setProperty(GebSpec.groovy)
	at CreatePairSpec.should go to show users page and add the newly created user on the table when the user is saved(CreatePairSpec.groovy:14)
Caused by: org.openqa.selenium.remote.ErrorHandler$UnknownServerException: Element is not currently visible and so may not be interacted with
Build info: version: '2.4.0', revision: '13336', time: '2011-08-17 21:21:21'
System info: os.name: 'Linux', os.arch: 'i386', os.version: '2.6.38-10-generic', java.version: '1.6.0_22'
Driver info: driver.version: unknown
	at <anonymous class>.<anonymous method>(resource://fxdriver/modules/atoms.js:9373)
	at <anonymous class>.<anonymous method>(file:///tmp/anonymous780358305334497474webdriver-profile/extensions/fxdriver@googlecode.com/components/nsCommandProcessor.js:256)
	at <anonymous class>.<anonymous method>(file:///tmp/anonymous780358305334497474webdriver-profile/extensions/fxdriver@googlecode.com/components/nsCommandProcessor.js:305)
	at <anonymous class>.<anonymous method>(file:///tmp/anonymous780358305334497474webdriver-profile/extensions/fxdriver@googlecode.com/components/nsCommandProcessor.js:320)
	at <anonymous class>.<anonymous method>(file:///tmp/anonymous780358305334497474webdriver-profile/extensions/fxdriver@googlecode.com/components/nsCommandProcessor.js:197)
2011-09-12 14:59:09,174 [main] ERROR StackTrace  - Sanitizing stacktrace:
org.openqa.selenium.remote.ErrorHandler$UnknownServerException: Element is not currently visible and so may not be interacted with
Build info: version: '2.4.0', revision: '13336', time: '2011-08-17 21:21:21'
System info: os.name: 'Linux', os.arch: 'i386', os.version: '2.6.38-10-generic', java.version: '1.6.0_22'
Driver info: driver.version: unknown
	at <anonymous class>.<anonymous method>(resource://fxdriver/modules/atoms.js:9373)
	at <anonymous class>.<anonymous method>(file:///tmp/anonymous858058348781750808webdriver-profile/extensions/fxdriver@googlecode.com/components/nsCommandProcessor.js:256)
	at <anonymous class>.<anonymous method>(file:///tmp/anonymous858058348781750808webdriver-profile/extensions/fxdriver@googlecode.com/components/nsCommandProcessor.js:305)
	at <anonymous class>.<anonymous method>(file:///tmp/anonymous858058348781750808webdriver-profile/extensions/fxdriver@googlecode.com/components/nsCommandProcessor.js:320)
	at <anonymous class>.<anonymous method>(file:///tmp/anonymous858058348781750808webdriver-profile/extensions/fxdriver@googlecode.com/components/nsCommandProcessor.js:197)
2011-09-12 14:59:09,177 [main] ERROR StackTrace  - Sanitizing stacktrace:
org.openqa.selenium.ElementNotVisibleException: Element is not currently visible and so may not be interacted with
Build info: version: '2.4.0', revision: '13336', time: '2011-08-17 21:21:21'
System info: os.name: 'Linux', os.arch: 'i386', os.version: '2.6.38-10-generic', java.version: '1.6.0_22'
Driver info: driver.version: RemoteWebDriver
	at org.openqa.selenium.remote.ErrorHandler.createThrowable(ErrorHandler.java:131)
	at org.openqa.selenium.remote.ErrorHandler.throwIfResponseFailed(ErrorHandler.java:105)
	at org.openqa.selenium.remote.RemoteWebDriver.execute(RemoteWebDriver.java:407)
	at org.openqa.selenium.remote.RemoteWebElement.execute(RemoteWebElement.java:213)
	at org.openqa.selenium.remote.RemoteWebElement.clear(RemoteWebElement.java:61)
	at geb.navigator.NonEmptyNavigator.setInputValue(NonEmptyNavigator.groovy:495)
	at geb.navigator.NonEmptyNavigator.setInputValues_closure36(NonEmptyNavigator.groovy:459)
	at groovy.lang.Closure.call(Closure.java:282)
	at groovy.lang.Closure.call(Closure.java:295)
	at geb.navigator.NonEmptyNavigator.setInputValues(NonEmptyNavigator.groovy:458)
	at geb.navigator.NonEmptyNavigator.propertyMissing(NonEmptyNavigator.groovy:377)
	at geb.navigator.Navigator.setProperty(Navigator.groovy)
	at geb.content.NavigableSupport.propertyMissing(NavigableSupport.groovy:139)
	at geb.Page.propertyMissing(Page.groovy)
	at geb.Page.setProperty(Page.groovy)
	at geb.Browser.propertyMissing(Browser.groovy:181)
	at geb.Browser.setProperty(Browser.groovy)
	at geb.spock.GebSpec.propertyMissing(GebSpec.groovy:59)
	at geb.spock.GebSpec.setProperty(GebSpec.groovy)
	at CreatePairSpec.should go to show pairs page and add the newly created pair to the table when the pair is saved(CreatePairSpec.groovy:14)
Caused by: org.openqa.selenium.remote.ErrorHandler$UnknownServerException: Element is not currently visible and so may not be interacted with
Build info: version: '2.4.0', revision: '13336', time: '2011-08-17 21:21:21'
System info: os.name: 'Linux', os.arch: 'i386', os.version: '2.6.38-10-generic', java.version: '1.6.0_22'
Driver info: driver.version: unknown
	at <anonymous class>.<anonymous method>(resource://fxdriver/modules/atoms.js:9373)
	at <anonymous class>.<anonymous method>(file:///tmp/anonymous858058348781750808webdriver-profile/extensions/fxdriver@googlecode.com/components/nsCommandProcessor.js:256)
	at <anonymous class>.<anonymous method>(file:///tmp/anonymous858058348781750808webdriver-profile/extensions/fxdriver@googlecode.com/components/nsCommandProcessor.js:305)
	at <anonymous class>.<anonymous method>(file:///tmp/anonymous858058348781750808webdriver-profile/extensions/fxdriver@googlecode.com/components/nsCommandProcessor.js:320)
	at <anonymous class>.<anonymous method>(file:///tmp/anonymous858058348781750808webdriver-profile/extensions/fxdriver@googlecode.com/components/nsCommandProcessor.js:197)
2011-09-12 14:59:09,183 [main] ERROR StackTrace  - Sanitizing stacktrace:
org.openqa.selenium.remote.ErrorHandler$UnknownServerException: Element is not currently visible and so may not be interacted with
Build info: version: '2.4.0', revision: '13336', time: '2011-08-17 21:21:21'
System info: os.name: 'Linux', os.arch: 'i386', os.version: '2.6.38-10-generic', java.version: '1.6.0_22'
Driver info: driver.version: unknown
	at <anonymous class>.<anonymous method>(resource://fxdriver/modules/atoms.js:9373)
	at <anonymous class>.<anonymous method>(file:///tmp/anonymous858058348781750808webdriver-profile/extensions/fxdriver@googlecode.com/components/nsCommandProcessor.js:256)
	at <anonymous class>.<anonymous method>(file:///tmp/anonymous858058348781750808webdriver-profile/extensions/fxdriver@googlecode.com/components/nsCommandProcessor.js:305)
	at <anonymous class>.<anonymous method>(file:///tmp/anonymous858058348781750808webdriver-profile/extensions/fxdriver@googlecode.com/components/nsCommandProcessor.js:320)
	at <anonymous class>.<anonymous method>(file:///tmp/anonymous858058348781750808webdriver-profile/extensions/fxdriver@googlecode.com/components/nsCommandProcessor.js:197)
2011-09-12 14:59:09,183 [main] ERROR StackTrace  - Sanitizing stacktrace:
org.openqa.selenium.ElementNotVisibleException: Element is not currently visible and so may not be interacted with
Build info: version: '2.4.0', revision: '13336', time: '2011-08-17 21:21:21'
System info: os.name: 'Linux', os.arch: 'i386', os.version: '2.6.38-10-generic', java.version: '1.6.0_22'
Driver info: driver.version: RemoteWebDriver
	at org.openqa.selenium.remote.ErrorHandler.createThrowable(ErrorHandler.java:131)
	at org.openqa.selenium.remote.ErrorHandler.throwIfResponseFailed(ErrorHandler.java:105)
	at org.openqa.selenium.remote.RemoteWebDriver.execute(RemoteWebDriver.java:407)
	at org.openqa.selenium.remote.RemoteWebElement.execute(RemoteWebElement.java:213)
	at org.openqa.selenium.remote.RemoteWebElement.clear(RemoteWebElement.java:61)
	at geb.navigator.NonEmptyNavigator.setInputValue(NonEmptyNavigator.groovy:495)
	at geb.navigator.NonEmptyNavigator.setInputValues_closure36(NonEmptyNavigator.groovy:459)
	at geb.navigator.NonEmptyNavigator.setInputValues(NonEmptyNavigator.groovy:458)
	at geb.navigator.NonEmptyNavigator.propertyMissing(NonEmptyNavigator.groovy:377)
	at geb.navigator.Navigator.setProperty(Navigator.groovy)
	at geb.content.NavigableSupport.propertyMissing(NavigableSupport.groovy:139)
	at geb.Page.propertyMissing(Page.groovy)
	at geb.Page.setProperty(Page.groovy)
	at geb.Browser.propertyMissing(Browser.groovy:181)
	at geb.Browser.setProperty(Browser.groovy)
	at geb.spock.GebSpec.propertyMissing(GebSpec.groovy:59)
	at geb.spock.GebSpec.setProperty(GebSpec.groovy)
	at CreatePairSpec.should go to show pairs page and add the newly created pair to the table when the pair is saved(CreatePairSpec.groovy:14)
Caused by: org.openqa.selenium.remote.ErrorHandler$UnknownServerException: Element is not currently visible and so may not be interacted with
Build info: version: '2.4.0', revision: '13336', time: '2011-08-17 21:21:21'
System info: os.name: 'Linux', os.arch: 'i386', os.version: '2.6.38-10-generic', java.version: '1.6.0_22'
Driver info: driver.version: unknown
	at <anonymous class>.<anonymous method>(resource://fxdriver/modules/atoms.js:9373)
	at <anonymous class>.<anonymous method>(file:///tmp/anonymous858058348781750808webdriver-profile/extensions/fxdriver@googlecode.com/components/nsCommandProcessor.js:256)
	at <anonymous class>.<anonymous method>(file:///tmp/anonymous858058348781750808webdriver-profile/extensions/fxdriver@googlecode.com/components/nsCommandProcessor.js:305)
	at <anonymous class>.<anonymous method>(file:///tmp/anonymous858058348781750808webdriver-profile/extensions/fxdriver@googlecode.com/components/nsCommandProcessor.js:320)
	at <anonymous class>.<anonymous method>(file:///tmp/anonymous858058348781750808webdriver-profile/extensions/fxdriver@googlecode.com/components/nsCommandProcessor.js:197)
2011-09-12 16:27:13,602 [main] ERROR StackTrace  - Sanitizing stacktrace:
junit.framework.AssertionFailedError: Condition not satisfied:

at(ShowPairPage)
|
false

	at CreatePairSpec.should go to show pairs page and add the newly created pair to the table when the pair is saved(CreatePairSpec.groovy:19)
2011-09-12 16:27:13,610 [main] ERROR StackTrace  - Sanitizing stacktrace:
junit.framework.AssertionFailedError: Condition not satisfied:

at(ShowPairPage)
|
false

	at CreatePairSpec.should go to show pairs page and add the newly created pair to the table when the pair is saved(CreatePairSpec.groovy:19)
2011-09-12 16:29:26,770 [main] ERROR StackTrace  - Sanitizing stacktrace:
org.openqa.selenium.remote.ErrorHandler$UnknownServerException: Element is not currently visible and so may not be interacted with
Build info: version: '2.4.0', revision: '13336', time: '2011-08-17 21:21:21'
System info: os.name: 'Linux', os.arch: 'i386', os.version: '2.6.38-10-generic', java.version: '1.6.0_22'
Driver info: driver.version: unknown
	at <anonymous class>.<anonymous method>(resource://fxdriver/modules/atoms.js:9373)
	at <anonymous class>.<anonymous method>(file:///tmp/anonymous7105599905425944208webdriver-profile/extensions/fxdriver@googlecode.com/components/nsCommandProcessor.js:256)
	at <anonymous class>.<anonymous method>(file:///tmp/anonymous7105599905425944208webdriver-profile/extensions/fxdriver@googlecode.com/components/nsCommandProcessor.js:305)
	at <anonymous class>.<anonymous method>(file:///tmp/anonymous7105599905425944208webdriver-profile/extensions/fxdriver@googlecode.com/components/nsCommandProcessor.js:320)
	at <anonymous class>.<anonymous method>(file:///tmp/anonymous7105599905425944208webdriver-profile/extensions/fxdriver@googlecode.com/components/nsCommandProcessor.js:197)
2011-09-12 16:29:26,773 [main] ERROR StackTrace  - Sanitizing stacktrace:
org.openqa.selenium.ElementNotVisibleException: Element is not currently visible and so may not be interacted with
Build info: version: '2.4.0', revision: '13336', time: '2011-08-17 21:21:21'
System info: os.name: 'Linux', os.arch: 'i386', os.version: '2.6.38-10-generic', java.version: '1.6.0_22'
Driver info: driver.version: RemoteWebDriver
	at org.openqa.selenium.remote.ErrorHandler.createThrowable(ErrorHandler.java:131)
	at org.openqa.selenium.remote.ErrorHandler.throwIfResponseFailed(ErrorHandler.java:105)
	at org.openqa.selenium.remote.RemoteWebDriver.execute(RemoteWebDriver.java:407)
	at org.openqa.selenium.remote.RemoteWebElement.execute(RemoteWebElement.java:213)
	at org.openqa.selenium.remote.RemoteWebElement.clear(RemoteWebElement.java:61)
	at geb.navigator.NonEmptyNavigator.setInputValue(NonEmptyNavigator.groovy:495)
	at geb.navigator.NonEmptyNavigator.setInputValues_closure36(NonEmptyNavigator.groovy:459)
	at groovy.lang.Closure.call(Closure.java:282)
	at groovy.lang.Closure.call(Closure.java:295)
	at geb.navigator.NonEmptyNavigator.setInputValues(NonEmptyNavigator.groovy:458)
	at geb.navigator.NonEmptyNavigator.value(NonEmptyNavigator.groovy:287)
	at functionaltests.pages.CreatePairPage._clinit__closure2_closure3(CreatePairPage.groovy:9)
	at functionaltests.pages.CreatePairPage._clinit__closure2_closure3(CreatePairPage.groovy)
	at groovy.lang.Closure.call(Closure.java:282)
	at groovy.lang.Closure.call(Closure.java:277)
	at geb.content.PageContentTemplate.invokeFactory(PageContentTemplate.groovy:134)
	at geb.content.PageContentTemplate.create_closure1(PageContentTemplate.groovy:103)
	at geb.content.PageContentTemplate.create_closure1(PageContentTemplate.groovy)
	at groovy.lang.Closure.call(Closure.java:282)
	at groovy.lang.Closure.call(Closure.java:277)
	at geb.content.PageContentTemplate.create(PageContentTemplate.groovy:119)
	at geb.content.PageContentTemplate.get(PageContentTemplate.groovy:98)
	at geb.content.NavigableSupport.getContent(NavigableSupport.groovy:43)
	at geb.content.NavigableSupport.propertyMissing(NavigableSupport.groovy:127)
	at geb.Page.propertyMissing(Page.groovy)
	at geb.Page.getProperty(Page.groovy)
	at geb.Browser.propertyMissing(Browser.groovy:174)
	at geb.Browser.getProperty(Browser.groovy)
	at geb.spock.GebSpec.propertyMissing(GebSpec.groovy:55)
	at CreatePairSpec.should go to show pairs page and add the newly created pair to the table when the pair is saved(CreatePairSpec.groovy:14)
Caused by: org.openqa.selenium.remote.ErrorHandler$UnknownServerException: Element is not currently visible and so may not be interacted with
Build info: version: '2.4.0', revision: '13336', time: '2011-08-17 21:21:21'
System info: os.name: 'Linux', os.arch: 'i386', os.version: '2.6.38-10-generic', java.version: '1.6.0_22'
Driver info: driver.version: unknown
	at <anonymous class>.<anonymous method>(resource://fxdriver/modules/atoms.js:9373)
	at <anonymous class>.<anonymous method>(file:///tmp/anonymous7105599905425944208webdriver-profile/extensions/fxdriver@googlecode.com/components/nsCommandProcessor.js:256)
	at <anonymous class>.<anonymous method>(file:///tmp/anonymous7105599905425944208webdriver-profile/extensions/fxdriver@googlecode.com/components/nsCommandProcessor.js:305)
	at <anonymous class>.<anonymous method>(file:///tmp/anonymous7105599905425944208webdriver-profile/extensions/fxdriver@googlecode.com/components/nsCommandProcessor.js:320)
	at <anonymous class>.<anonymous method>(file:///tmp/anonymous7105599905425944208webdriver-profile/extensions/fxdriver@googlecode.com/components/nsCommandProcessor.js:197)
2011-09-12 16:29:26,779 [main] ERROR StackTrace  - Sanitizing stacktrace:
org.openqa.selenium.remote.ErrorHandler$UnknownServerException: Element is not currently visible and so may not be interacted with
Build info: version: '2.4.0', revision: '13336', time: '2011-08-17 21:21:21'
System info: os.name: 'Linux', os.arch: 'i386', os.version: '2.6.38-10-generic', java.version: '1.6.0_22'
Driver info: driver.version: unknown
	at <anonymous class>.<anonymous method>(resource://fxdriver/modules/atoms.js:9373)
	at <anonymous class>.<anonymous method>(file:///tmp/anonymous7105599905425944208webdriver-profile/extensions/fxdriver@googlecode.com/components/nsCommandProcessor.js:256)
	at <anonymous class>.<anonymous method>(file:///tmp/anonymous7105599905425944208webdriver-profile/extensions/fxdriver@googlecode.com/components/nsCommandProcessor.js:305)
	at <anonymous class>.<anonymous method>(file:///tmp/anonymous7105599905425944208webdriver-profile/extensions/fxdriver@googlecode.com/components/nsCommandProcessor.js:320)
	at <anonymous class>.<anonymous method>(file:///tmp/anonymous7105599905425944208webdriver-profile/extensions/fxdriver@googlecode.com/components/nsCommandProcessor.js:197)
2011-09-12 16:29:26,779 [main] ERROR StackTrace  - Sanitizing stacktrace:
org.openqa.selenium.ElementNotVisibleException: Element is not currently visible and so may not be interacted with
Build info: version: '2.4.0', revision: '13336', time: '2011-08-17 21:21:21'
System info: os.name: 'Linux', os.arch: 'i386', os.version: '2.6.38-10-generic', java.version: '1.6.0_22'
Driver info: driver.version: RemoteWebDriver
	at org.openqa.selenium.remote.ErrorHandler.createThrowable(ErrorHandler.java:131)
	at org.openqa.selenium.remote.ErrorHandler.throwIfResponseFailed(ErrorHandler.java:105)
	at org.openqa.selenium.remote.RemoteWebDriver.execute(RemoteWebDriver.java:407)
	at org.openqa.selenium.remote.RemoteWebElement.execute(RemoteWebElement.java:213)
	at org.openqa.selenium.remote.RemoteWebElement.clear(RemoteWebElement.java:61)
	at geb.navigator.NonEmptyNavigator.setInputValue(NonEmptyNavigator.groovy:495)
	at geb.navigator.NonEmptyNavigator.setInputValues_closure36(NonEmptyNavigator.groovy:459)
	at geb.navigator.NonEmptyNavigator.setInputValues(NonEmptyNavigator.groovy:458)
	at geb.navigator.NonEmptyNavigator.value(NonEmptyNavigator.groovy:287)
	at functionaltests.pages.CreatePairPage._clinit__closure2_closure3(CreatePairPage.groovy:9)
	at functionaltests.pages.CreatePairPage._clinit__closure2_closure3(CreatePairPage.groovy)
	at geb.content.PageContentTemplate.invokeFactory(PageContentTemplate.groovy:134)
	at geb.content.PageContentTemplate.create_closure1(PageContentTemplate.groovy:103)
	at geb.content.PageContentTemplate.create_closure1(PageContentTemplate.groovy)
	at geb.content.PageContentTemplate.create(PageContentTemplate.groovy:119)
	at geb.content.PageContentTemplate.get(PageContentTemplate.groovy:98)
	at geb.content.NavigableSupport.getContent(NavigableSupport.groovy:43)
	at geb.content.NavigableSupport.propertyMissing(NavigableSupport.groovy:127)
	at geb.Page.propertyMissing(Page.groovy)
	at geb.Page.getProperty(Page.groovy)
	at geb.Browser.propertyMissing(Browser.groovy:174)
	at geb.Browser.getProperty(Browser.groovy)
	at geb.spock.GebSpec.propertyMissing(GebSpec.groovy:55)
	at CreatePairSpec.should go to show pairs page and add the newly created pair to the table when the pair is saved(CreatePairSpec.groovy:14)
Caused by: org.openqa.selenium.remote.ErrorHandler$UnknownServerException: Element is not currently visible and so may not be interacted with
Build info: version: '2.4.0', revision: '13336', time: '2011-08-17 21:21:21'
System info: os.name: 'Linux', os.arch: 'i386', os.version: '2.6.38-10-generic', java.version: '1.6.0_22'
Driver info: driver.version: unknown
	at <anonymous class>.<anonymous method>(resource://fxdriver/modules/atoms.js:9373)
	at <anonymous class>.<anonymous method>(file:///tmp/anonymous7105599905425944208webdriver-profile/extensions/fxdriver@googlecode.com/components/nsCommandProcessor.js:256)
	at <anonymous class>.<anonymous method>(file:///tmp/anonymous7105599905425944208webdriver-profile/extensions/fxdriver@googlecode.com/components/nsCommandProcessor.js:305)
	at <anonymous class>.<anonymous method>(file:///tmp/anonymous7105599905425944208webdriver-profile/extensions/fxdriver@googlecode.com/components/nsCommandProcessor.js:320)
	at <anonymous class>.<anonymous method>(file:///tmp/anonymous7105599905425944208webdriver-profile/extensions/fxdriver@googlecode.com/components/nsCommandProcessor.js:197)
